<?xml version="1.0" encoding="UTF-8"?>
<!-- Generated by org.testng.reporters.JUnitReportReporter -->
<testsuite hostname="Veena-Manjunath" failures="0" tests="1" name="cart.p1" time="9.354" errors="0" timestamp="2024-04-23T16:09:17 IST" skipped="0">
  <testcase classname="cart.p1" name="report" time="9.354"/>
</testsuite> <!-- cart.p1 -->
